Determining if the pthread_create exist failed with the following output:
Change Dir: /home/dzhi/catkin_ws/build/CMakeFiles/CMakeTmp

Run Build Command:/usr/bin/make "cmTryCompileExec3121430760/fast"
/usr/bin/make -f CMakeFiles/cmTryCompileExec3121430760.dir/build.make CMakeFiles/cmTryCompileExec3121430760.dir/build
make[1]: Entering directory `/home/dzhi/catkin_ws/build/CMakeFiles/CMakeTmp'
/usr/bin/cmake -E cmake_progress_report /home/dzhi/catkin_ws/build/CMakeFiles/CMakeTmp/CMakeFiles 1
Building C object CMakeFiles/cmTryCompileExec3121430760.dir/CheckSymbolExists.c.o
/usr/bin/cc    -o CMakeFiles/cmTryCompileExec3121430760.dir/CheckSymbolExists.c.o   -c /home/dzhi/catkin_ws/build/CMakeFiles/CMakeTmp/CheckSymbolExists.c
Linking C executable cmTryCompileExec3121430760
/usr/bin/cmake -E cmake_link_script CMakeFiles/cmTryCompileExec3121430760.dir/link.txt --verbose=1
/usr/bin/cc       CMakeFiles/cmTryCompileExec3121430760.dir/CheckSymbolExists.c.o  -o cmTryCompileExec3121430760 -rdynamic 
CMakeFiles/cmTryCompileExec3121430760.dir/CheckSymbolExists.c.o: In function `main':
CheckSymbolExists.c:(.text+0x16): undefined reference to `pthread_create'
collect2: error: ld returned 1 exit status
make[1]: *** [cmTryCompileExec3121430760] Error 1
make[1]: Leaving directory `/home/dzhi/catkin_ws/build/CMakeFiles/CMakeTmp'
make: *** [cmTryCompileExec3121430760/fast] Error 2

File /home/dzhi/catkin_ws/build/CMakeFiles/CMakeTmp/CheckSymbolExists.c:
/* */
#include <pthread.h>

int main(int argc, char** argv)
{
  (void)argv;
#ifndef pthread_create
  return ((int*)(&pthread_create))[argc];
#else
  (void)argc;
  return 0;
#endif
}

Determining if the function pthread_create exists in the pthreads failed with the following output:
Change Dir: /home/dzhi/catkin_ws/build/CMakeFiles/CMakeTmp

Run Build Command:/usr/bin/make "cmTryCompileExec3562609587/fast"
/usr/bin/make -f CMakeFiles/cmTryCompileExec3562609587.dir/build.make CMakeFiles/cmTryCompileExec3562609587.dir/build
make[1]: Entering directory `/home/dzhi/catkin_ws/build/CMakeFiles/CMakeTmp'
/usr/bin/cmake -E cmake_progress_report /home/dzhi/catkin_ws/build/CMakeFiles/CMakeTmp/CMakeFiles 1
Building C object CMakeFiles/cmTryCompileExec3562609587.dir/CheckFunctionExists.c.o
/usr/bin/cc   -DCHECK_FUNCTION_EXISTS=pthread_create   -o CMakeFiles/cmTryCompileExec3562609587.dir/CheckFunctionExists.c.o   -c /usr/share/cmake-2.8/Modules/CheckFunctionExists.c
Linking C executable cmTryCompileExec3562609587
/usr/bin/cmake -E cmake_link_script CMakeFiles/cmTryCompileExec3562609587.dir/link.txt --verbose=1
/usr/bin/cc   -DCHECK_FUNCTION_EXISTS=pthread_create    CMakeFiles/cmTryCompileExec3562609587.dir/CheckFunctionExists.c.o  -o cmTryCompileExec3562609587 -rdynamic -lpthreads 
/usr/bin/ld: cannot find -lpthreads
collect2: error: ld returned 1 exit status
make[1]: *** [cmTryCompileExec3562609587] Error 1
make[1]: Leaving directory `/home/dzhi/catkin_ws/build/CMakeFiles/CMakeTmp'
make: *** [cmTryCompileExec3562609587/fast] Error 2


